#
# A fatal error has been detected by the Java Runtime Environment:
#
#  SIGSEGV (0xb) at pc=0xb6f330a2, pid=4539, tid=1715858240
#
# JRE version: OpenJDK Runtime Environment (7.0_51) (build 1.7.0_51-b00)
# Java VM: OpenJDK Server VM (24.45-b08 mixed mode linux-x86 )
# Problematic frame:
# V  [libjvm.so+0x7c50a2]  Unsafe_SetNativeByte+0x82
#
# Failed to write core dump. Core dumps have been disabled. To enable core dumping, try "ulimit -c unlimited" before starting Java again
#
# If you would like to submit a bug report, please include
# instructions on how to reproduce the bug and visit:
#   http://icedtea.classpath.org/bugzilla
#

---------------  T H R E A D  ---------------

Current thread (0x6629e800):  JavaThread "nioEventLoopGroup-2-2" [_thread_in_vm, id=4614, stack(0x6640e000,0x6645f000)]

siginfo:si_signo=SIGSEGV: si_errno=0, si_code=1 (SEGV_MAPERR), si_addr=0x6566bbd6

Registers:
EAX=0x6629e800, EBX=0xb7166ff4, ECX=0x6629e928, EDX=0x0000000e
ESP=0x6645da10, EBP=0x6566bbd6, ESI=0x6629e800, EDI=0x6645da3c
EIP=0xb6f330a2, EFLAGS=0x00010203, CR2=0x6566bbd6

Top of Stack: (sp=0x6645da10)
0x6645da10:   00000000 b6ed8199 b643c940 000001a9
0x6645da20:   326cca15 6ae0d178 66c110b8 0ec110b4
0x6645da30:   6629e800 b693cbdc 00000000 6629e800
0x6645da40:   6b4990c0 b6e41c5c 9e093b58 6b3b1b50
0x6645da50:   6b3b1b4c 6629e800 6645daa0 b33ed4d0
0x6645da60:   6629e928 6645dabc 6566bbd6 00000000
0x6645da70:   0000000e 6b81183c 6645da98 6b813da0
0x6645da80:   6645da80 00000000 6645dabc 6b3b4580 

Instructions: (pc=0xb6f330a2)
0xb6f33082:   2c e8 38 d0 ff ff 89 e0 8b 93 f0 f1 ff ff c1 e8
0xb6f33092:   0c 8b 04 82 0f b6 54 24 1f c6 80 7c 01 00 00 01
0xb6f330a2:   88 55 00 c6 80 7c 01 00 00 00 8b 76 28 8b 46 08
0xb6f330b2:   8b 6e 04 8b 10 85 d2 74 1d 8b 46 14 89 2c 24 89 

Register to memory mapping:

EAX=0x6629e800 is a thread
EBX=0xb7166ff4: <offset 0x9f8ff4> in /usr/lib/jvm/java-7-openjdk-i386/jre/lib/i386/server/libjvm.so at 0xb676e000
ECX=0x6629e928 is an unknown value
EDX=0x0000000e is an unknown value
ESP=0x6645da10 is pointing into the stack for thread: 0x6629e800
EBP=0x6566bbd6 is an unknown value
ESI=0x6629e800 is a thread
EDI=0x6645da3c is pointing into the stack for thread: 0x6629e800


Stack: [0x6640e000,0x6645f000],  sp=0x6645da10,  free space=318k
Native frames: (J=compiled Java code, j=interpreted, Vv=VM code, C=native code)
V  [libjvm.so+0x7c50a2]  Unsafe_SetNativeByte+0x82

Java frames: (J=compiled Java code, j=interpreted, Vv=VM code)
j  sun.misc.Unsafe.putByte(JB)V+0
j  java.nio.DirectByteBuffer.put(IB)Ljava/nio/ByteBuffer;+13
j  io.netty.buffer.UnpooledDirectByteBuf.setByte(II)Lio/netty/buffer/ByteBuf;+28
j  io.netty.buffer.AbstractByteBuf.writeByte(I)Lio/netty/buffer/ByteBuf;+19
j  net.ieldor.network.codec.update.UpdateEncoder.encode(Lio/netty/channel/ChannelHandlerContext;Lnet/ieldor/ondemand/FileResponse;Lio/netty/buffer/ByteBuf;)V+102
j  net.ieldor.network.codec.update.UpdateEncoder.encode(Lio/netty/channel/ChannelHandlerContext;Ljava/lang/Object;Lio/netty/buffer/ByteBuf;)V+7
J  io.netty.handler.codec.MessageToByteEncoder.flush(Lio/netty/channel/ChannelHandlerContext;Lio/netty/channel/ChannelFuture;)V
J  io.netty.handler.codec.MessageToByteEncoder.flush(Lio/netty/channel/ChannelHandlerContext;Lio/netty/channel/ChannelFuture;)V
j  io.netty.channel.DefaultChannelPipeline.flush0(Lio/netty/channel/DefaultChannelHandlerContext;Lio/netty/channel/ChannelFuture;)V+13
j  io.netty.channel.DefaultChannelPipeline.flush(Lio/netty/channel/DefaultChannelHandlerContext;Lio/netty/channel/ChannelFuture;)Lio/netty/channel/ChannelFuture;+22
j  io.netty.channel.DefaultChannelHandlerContext.flush(Lio/netty/channel/ChannelFuture;)Lio/netty/channel/ChannelFuture;+33
j  io.netty.handler.codec.ByteToByteEncoder.flush(Lio/netty/channel/ChannelHandlerContext;Lio/netty/channel/ChannelFuture;)V+107
J  io.netty.handler.codec.MessageToByteEncoder.flush(Lio/netty/channel/ChannelHandlerContext;Lio/netty/channel/ChannelFuture;)V
j  io.netty.channel.DefaultChannelPipeline.flush0(Lio/netty/channel/DefaultChannelHandlerContext;Lio/netty/channel/ChannelFuture;)V+13
j  io.netty.channel.DefaultChannelPipeline.write(Lio/netty/channel/DefaultChannelHandlerContext;Ljava/lang/Object;Lio/netty/channel/ChannelFuture;)Lio/netty/channel/ChannelFuture;+234
j  io.netty.channel.DefaultChannelPipeline$17.run()V+16
j  io.netty.channel.SingleThreadEventExecutor.runAllTasks()Z+25
j  io.netty.channel.socket.nio.NioEventLoop.run()V+114
j  io.netty.channel.SingleThreadEventExecutor$2.run()V+16
j  java.lang.Thread.run()V+11
v  ~StubRoutines::call_stub

---------------  P R O C E S S  ---------------

Java Threads: ( => current thread )
  0x66b01000 JavaThread "pool-1-thread-2" [_thread_blocked, id=4658, stack(0x65827000,0x65878000)]
  0x6700a000 JavaThread "ClientSynchronizer [id=7]" [_thread_blocked, id=4638, stack(0x65878000,0x658c9000)]
  0x67009000 JavaThread "ClientSynchronizer [id=6]" [_thread_blocked, id=4637, stack(0x658c9000,0x6591a000)]
  0x67007400 JavaThread "ClientSynchronizer [id=5]" [_thread_blocked, id=4635, stack(0x6591a000,0x6596b000)]
  0x67005c00 JavaThread "ClientSynchronizer [id=4]" [_thread_blocked, id=4634, stack(0x6596b000,0x659bc000)]
  0x67004c00 JavaThread "ClientSynchronizer [id=3]" [_thread_blocked, id=4633, stack(0x659bc000,0x65a0d000)]
  0x67003800 JavaThread "ClientSynchronizer [id=2]" [_thread_blocked, id=4632, stack(0x65a0d000,0x65a5e000)]
  0x67002800 JavaThread "ClientSynchronizer [id=1]" [_thread_blocked, id=4631, stack(0x65a5e000,0x65aaf000)]
  0x67001800 JavaThread "ClientSynchronizer [id=0]" [_thread_blocked, id=4630, stack(0x65aaf000,0x65b00000)]
  0x65e96400 JavaThread "nioEventLoopGroup-2-4" [_thread_in_vm, id=4629, stack(0x6600d000,0x6605e000)]
  0x6629cc00 JavaThread "nioEventLoopGroup-2-3" [_thread_in_native, id=4625, stack(0x6605e000,0x660af000)]
  0x66f05400 JavaThread "nioEventLoopGroup-2-1" [_thread_blocked, id=4615, stack(0x660af000,0x66100000)]
=>0x6629e800 JavaThread "nioEventLoopGroup-2-2" [_thread_in_vm, id=4614, stack(0x6640e000,0x6645f000)]
  0xb6407c00 JavaThread "DestroyJavaVM" [_thread_blocked, id=4545, stack(0xb65ee000,0xb663f000)]
  0x66133000 JavaThread "GameService [id=0]" [_thread_blocked, id=4565, stack(0x6645f000,0x664b0000)]
  0x66119400 JavaThread "nioEventLoopGroup-1-2" [_thread_in_native, id=4563, stack(0x66a2e000,0x66a7f000)]
  0x6728c000 JavaThread "Service Thread" daemon [_thread_blocked, id=4561, stack(0x6a52e000,0x6a57f000)]
  0x6728a000 JavaThread "C2 CompilerThread1" daemon [_thread_blocked, id=4560, stack(0x66a7f000,0x66b00000)]
  0x67288000 JavaThread "C2 CompilerThread0" daemon [_thread_in_native, id=4559, stack(0x67509000,0x6758a000)]
  0x67286800 JavaThread "Signal Dispatcher" daemon [_thread_blocked, id=4558, stack(0x6a72e000,0x6a77f000)]
  0x67274c00 JavaThread "Finalizer" daemon [_thread_blocked, id=4557, stack(0x6a92e000,0x6a97f000)]
  0x67273400 JavaThread "Reference Handler" daemon [_thread_blocked, id=4556, stack(0x6ac2e000,0x6ac7f000)]

Other Threads:
  0x67270800 VMThread [stack: 0x6737f000,0x67400000] [id=4555]
  0x6728e000 WatcherThread [stack: 0x6687f000,0x66900000] [id=4562]

VM state:not at safepoint (normal execution)

VM Mutex/Monitor currently owned by a thread: None

Heap
 PSYoungGen      total 89088K, used 16182K [0x9dd80000, 0xa5240000, 0xb3300000)
  eden space 63232K, 23% used [0x9dd80000,0x9ebb9fc8,0xa1b40000)
  from space 25856K, 6% used [0xa3900000,0xa3a938a8,0xa5240000)
  to   space 28160K, 0% used [0xa1b40000,0xa1b40000,0xa36c0000)
 ParOldGen       total 49664K, used 6120K [0x73300000, 0x76380000, 0x9dd80000)
  object space 49664K, 12% used [0x73300000,0x738fa250,0x76380000)
 PSPermGen       total 16384K, used 5229K [0x6b300000, 0x6c300000, 0x73300000)
  object space 16384K, 31% used [0x6b300000,0x6b81b440,0x6c300000)

Card table byte_map: [0x6b0bf000,0x6b300000] byte_map_base: 0x6ad65800

Polling page: 0xb777f000

Code Cache  [0xb33e2000, 0xb3622000, 0xb63e2000)
 total_blobs=304 nmethods=167 adapters=90 free_code_cache=48524Kb largest_free_block=49660032

Compilation events (10 events):
Event: 43.732 Thread 0x6728a000  166  s          java.lang.Throwable::fillInStackTrace (29 bytes)
Event: 43.733 Thread 0x6728a000 nmethod 166 0xb3440548 code [0xb3440660, 0xb344089c]
Event: 43.761 Thread 0x67288000  168             io.netty.buffer.AbstractByteBuf::checkReadableBytes (48 bytes)
Event: 43.762 Thread 0x67288000 nmethod 168 0xb343de08 code [0xb343df00, 0xb343df70]
Event: 43.767 Thread 0x6728a000  169             io.netty.buffer.Unpooled::buffer (11 bytes)
Event: 43.769 Thread 0x6728a000 nmethod 169 0xb347ab48 code [0xb347ac60, 0xb347ae30]
Event: 43.786 Thread 0x67288000  170             io.netty.buffer.AbstractByteBuf::readBytes (47 bytes)
Event: 43.792 Thread 0x67288000 nmethod 170 0xb3459048 code [0xb34591a0, 0xb3459670]
Event: 43.806 Thread 0x6728a000  171             sun.nio.cs.UTF_8$Decoder::decode (640 bytes)
Event: 43.820 Thread 0x6728a000 nmethod 171 0xb3483fc8 code [0xb3484260, 0xb3484f18]

GC Heap History (10 events):
Event: 3.219 GC heap before
{Heap before GC invocations=6 (full 1):
 PSYoungGen      total 31744K, used 31744K [0x9dd80000, 0xa0380000, 0xb3300000)
  eden space 29184K, 100% used [0x9dd80000,0x9fa00000,0x9fa00000)
  from space 2560K, 100% used [0xa0100000,0xa0380000,0xa0380000)
  to   space 2560K, 0% used [0x9fe80000,0x9fe80000,0xa0100000)
 ParOldGen       total 70144K, used 40772K [0x73300000, 0x77780000, 0x9dd80000)
  object space 70144K, 58% used [0x73300000,0x75ad1338,0x77780000)
 PSPermGen       total 16384K, used 4574K [0x6b300000, 0x6c300000, 0x73300000)
  object space 16384K, 27% used [0x6b300000,0x6b777b48,0x6c300000)
Event: 3.224 GC heap after
Heap after GC invocations=6 (full 1):
 PSYoungGen      total 36352K, used 2546K [0x9dd80000, 0xa3200000, 0xb3300000)
  eden space 33792K, 0% used [0x9dd80000,0x9dd80000,0x9fe80000)
  from space 2560K, 99% used [0x9fe80000,0xa00fc8d0,0xa0100000)
  to   space 18944K, 0% used [0xa1f80000,0xa1f80000,0xa3200000)
 ParOldGen       total 70144K, used 46821K [0x73300000, 0x77780000, 0x9dd80000)
  object space 70144K, 66% used [0x73300000,0x760b94e0,0x77780000)
 PSPermGen       total 16384K, used 4574K [0x6b300000, 0x6c300000, 0x73300000)
  object space 16384K, 27% used [0x6b300000,0x6b777b48,0x6c300000)
}
Event: 3.489 GC heap before
{Heap before GC invocations=7 (full 1):
 PSYoungGen      total 36352K, used 36338K [0x9dd80000, 0xa3200000, 0xb3300000)
  eden space 33792K, 100% used [0x9dd80000,0x9fe80000,0x9fe80000)
  from space 2560K, 99% used [0x9fe80000,0xa00fc8d0,0xa0100000)
  to   space 18944K, 0% used [0xa1f80000,0xa1f80000,0xa3200000)
 ParOldGen       total 70144K, used 46821K [0x73300000, 0x77780000, 0x9dd80000)
  object space 70144K, 66% used [0x73300000,0x760b94e0,0x77780000)
 PSPermGen       total 16384K, used 4575K [0x6b300000, 0x6c300000, 0x73300000)
  object space 16384K, 27% used [0x6b300000,0x6b777e40,0x6c300000)
Event: 3.502 GC heap after
Heap after GC invocations=7 (full 1):
 PSYoungGen      total 59648K, used 18928K [0x9dd80000, 0xa47c0000, 0xb3300000)
  eden space 40704K, 0% used [0x9dd80000,0x9dd80000,0xa0540000)
  from space 18944K, 99% used [0xa1f80000,0xa31fc3b0,0xa3200000)
  to   space 26880K, 0% used [0xa0540000,0xa0540000,0xa1f80000)
 ParOldGen       total 70144K, used 55485K [0x73300000, 0x77780000, 0x9dd80000)
  object space 70144K, 79% used [0x73300000,0x7692f4e0,0x77780000)
 PSPermGen       total 16384K, used 4575K [0x6b300000, 0x6c300000, 0x73300000)
  object space 16384K, 27% used [0x6b300000,0x6b777e40,0x6c300000)
}
Event: 3.502 GC heap before
{Heap before GC invocations=8 (full 2):
 PSYoungGen      total 59648K, used 18928K [0x9dd80000, 0xa47c0000, 0xb3300000)
  eden space 40704K, 0% used [0x9dd80000,0x9dd80000,0xa0540000)
  from space 18944K, 99% used [0xa1f80000,0xa31fc3b0,0xa3200000)
  to   space 26880K, 0% used [0xa0540000,0xa0540000,0xa1f80000)
 ParOldGen       total 70144K, used 55485K [0x73300000, 0x77780000, 0x9dd80000)
  object space 70144K, 79% used [0x73300000,0x7692f4e0,0x77780000)
 PSPermGen       total 16384K, used 4575K [0x6b300000, 0x6c300000, 0x73300000)
  object space 16384K, 27% used [0x6b300000,0x6b777e40,0x6c300000)
Event: 3.521 GC heap after
Heap after GC invocations=8 (full 2):
 PSYoungGen      total 59648K, used 0K [0x9dd80000, 0xa47c0000, 0xb3300000)
  eden space 40704K, 0% used [0x9dd80000,0x9dd80000,0xa0540000)
  from space 18944K, 0% used [0xa1f80000,0xa1f80000,0xa3200000)
  to   space 26880K, 0% used [0xa0540000,0xa0540000,0xa1f80000)
 ParOldGen       total 49664K, used 6120K [0x73300000, 0x76380000, 0x9dd80000)
  object space 49664K, 12% used [0x73300000,0x738fa250,0x76380000)
 PSPermGen       total 16384K, used 4575K [0x6b300000, 0x6c300000, 0x73300000)
  object space 16384K, 27% used [0x6b300000,0x6b777e40,0x6c300000)
}
Event: 3.746 GC heap before
{Heap before GC invocations=9 (full 2):
 PSYoungGen      total 59648K, used 40704K [0x9dd80000, 0xa47c0000, 0xb3300000)
  eden space 40704K, 100% used [0x9dd80000,0xa0540000,0xa0540000)
  from space 18944K, 0% used [0xa1f80000,0xa1f80000,0xa3200000)
  to   space 26880K, 0% used [0xa0540000,0xa0540000,0xa1f80000)
 ParOldGen       total 49664K, used 6120K [0x73300000, 0x76380000, 0x9dd80000)
  object space 49664K, 12% used [0x73300000,0x738fa250,0x76380000)
 PSPermGen       total 16384K, used 4577K [0x6b300000, 0x6c300000, 0x73300000)
  object space 16384K, 27% used [0x6b300000,0x6b778788,0x6c300000)
Event: 3.748 GC heap after
Heap after GC invocations=9 (full 2):
 PSYoungGen      total 67584K, used 1919K [0x9dd80000, 0xa5400000, 0xb3300000)
  eden space 40704K, 0% used [0x9dd80000,0x9dd80000,0xa0540000)
  from space 26880K, 7% used [0xa0540000,0xa071fe40,0xa1f80000)
  to   space 27648K, 0% used [0xa3900000,0xa3900000,0xa5400000)
 ParOldGen       total 49664K, used 6120K [0x73300000, 0x76380000, 0x9dd80000)
  object space 49664K, 12% used [0x73300000,0x738fa250,0x76380000)
 PSPermGen       total 16384K, used 4577K [0x6b300000, 0x6c300000, 0x73300000)
  object space 16384K, 27% used [0x6b300000,0x6b778788,0x6c300000)
}
Event: 43.558 GC heap before
{Heap before GC invocations=10 (full 2):
 PSYoungGen      total 67584K, used 42623K [0x9dd80000, 0xa5400000, 0xb3300000)
  eden space 40704K, 100% used [0x9dd80000,0xa0540000,0xa0540000)
  from space 26880K, 7% used [0xa0540000,0xa071fe40,0xa1f80000)
  to   space 27648K, 0% used [0xa3900000,0xa3900000,0xa5400000)
 ParOldGen       total 49664K, used 6120K [0x73300000, 0x76380000, 0x9dd80000)
  object space 49664K, 12% used [0x73300000,0x738fa250,0x76380000)
 PSPermGen       total 16384K, used 5216K [0x6b300000, 0x6c300000, 0x73300000)
  object space 16384K, 31% used [0x6b300000,0x6b818058,0x6c300000)
Event: 43.561 GC heap after
Heap after GC invocations=10 (full 2):
 PSYoungGen      total 89088K, used 1614K [0x9dd80000, 0xa5240000, 0xb3300000)
  eden space 63232K, 0% used [0x9dd80000,0x9dd80000,0xa1b40000)
  from space 25856K, 6% used [0xa3900000,0xa3a938a8,0xa5240000)
  to   space 28160K, 0% used [0xa1b40000,0xa1b40000,0xa36c0000)
 ParOldGen       total 49664K, used 6120K [0x73300000, 0x76380000, 0x9dd80000)
  object space 49664K, 12% used [0x73300000,0x738fa250,0x76380000)
 PSPermGen       total 16384K, used 5216K [0x6b300000, 0x6c300000, 0x73300000)
  object space 16384K, 31% used [0x6b300000,0x6b818058,0x6c300000)
}

Deoptimization events (10 events):
Event: 3.137 Thread 0xb6407c00 Uncommon trap: reason=class_check action=maybe_recompile pc=0xb3446c2c method=java.nio.Bits.getIntB(Ljava/nio/ByteBuffer;I)I @ 2
Event: 33.120 Thread 0x6629cc00 Uncommon trap: reason=unreached action=reinterpret pc=0xb3464588 method=java.math.BigInteger.squareToLen([II[I)[I @ 5
Event: 36.098 Thread 0x66119400 Uncommon trap: reason=unreached action=reinterpret pc=0xb346f240 method=io.netty.channel.SingleThreadEventExecutor.inEventLoop(Ljava/lang/Thread;)Z @ 5
Event: 36.098 Thread 0x65e96400 Uncommon trap: reason=unreached action=reinterpret pc=0xb346ec78 method=io.netty.channel.DefaultChannelHandlerContext.executor()Lio/netty/channel/EventExecutor; @ 4
Event: 36.099 Thread 0x65e96400 Uncommon trap: reason=unreached action=reinterpret pc=0xb346f57c method=io.netty.channel.DefaultChannelHandlerContext.lazyInitOutboundBuffer()V @ 13
Event: 36.601 Thread 0x66133000 Uncommon trap: reason=unreached action=reinterpret pc=0xb3467900 method=net.ieldor.utility.CharacterRepository$CharacterRepositoryIterator.hasNext()Z @ 17
Event: 42.736 Thread 0x6629e800 Uncommon trap: reason=class_check action=maybe_recompile pc=0xb3477eb8 method=io.netty.channel.DefaultChannelPipeline.flush0(Lio/netty/channel/DefaultChannelHandlerContext;Lio/netty/channel/ChannelFuture;)V @ 31
Event: 42.738 Thread 0x6629e800 Uncommon trap: reason=class_check action=maybe_recompile pc=0xb3477eb8 method=io.netty.channel.DefaultChannelPipeline.flush0(Lio/netty/channel/DefaultChannelHandlerContext;Lio/netty/channel/ChannelFuture;)V @ 31
Event: 42.743 Thread 0x6629e800 Uncommon trap: reason=class_check action=maybe_recompile pc=0xb3477eb8 method=io.netty.channel.DefaultChannelPipeline.flush0(Lio/netty/channel/DefaultChannelHandlerContext;Lio/netty/channel/ChannelFuture;)V @ 31
Event: 42.750 Thread 0x6629e800 Uncommon trap: reason=class_check action=maybe_recompile pc=0xb3477eb8 method=io.netty.channel.DefaultChannelPipeline.flush0(Lio/netty/channel/DefaultChannelHandlerContext;Lio/netty/channel/ChannelFuture;)V @ 31

Internal exceptions (10 events):
Event: 43.821 Thread 0x65e96400 Threw 0x9e7cfaa0 at /build/buildd/openjdk-7-7u51-2.4.4/build/openjdk/hotspot/src/share/vm/oops/typeArrayKlass.cpp:100
Event: 43.821 Thread 0x65e96400 Threw 0x9e7cfef0 at /build/buildd/openjdk-7-7u51-2.4.4/build/openjdk/hotspot/src/share/vm/oops/typeArrayKlass.cpp:100
Event: 43.821 Thread 0x65e96400 Threw 0x9e7d0340 at /build/buildd/openjdk-7-7u51-2.4.4/build/openjdk/hotspot/src/share/vm/oops/typeArrayKlass.cpp:100
Event: 43.821 Thread 0x65e96400 Threw 0x9e7d0790 at /build/buildd/openjdk-7-7u51-2.4.4/build/openjdk/hotspot/src/share/vm/oops/typeArrayKlass.cpp:100
Event: 43.822 Thread 0x65e96400 Threw 0x9e7d0be0 at /build/buildd/openjdk-7-7u51-2.4.4/build/openjdk/hotspot/src/share/vm/oops/typeArrayKlass.cpp:100
Event: 43.822 Thread 0x65e96400 Threw 0x9e7d1030 at /build/buildd/openjdk-7-7u51-2.4.4/build/openjdk/hotspot/src/share/vm/oops/typeArrayKlass.cpp:100
Event: 43.822 Thread 0x65e96400 Threw 0x9e7d1480 at /build/buildd/openjdk-7-7u51-2.4.4/build/openjdk/hotspot/src/share/vm/oops/typeArrayKlass.cpp:100
Event: 43.822 Thread 0x65e96400 Threw 0x9e7d18d0 at /build/buildd/openjdk-7-7u51-2.4.4/build/openjdk/hotspot/src/share/vm/oops/typeArrayKlass.cpp:100
Event: 43.822 Thread 0x65e96400 Threw 0x9e7d1d20 at /build/buildd/openjdk-7-7u51-2.4.4/build/openjdk/hotspot/src/share/vm/oops/typeArrayKlass.cpp:100
Event: 43.822 Thread 0x65e96400 Threw 0x9e7d2170 at /build/buildd/openjdk-7-7u51-2.4.4/build/openjdk/hotspot/src/share/vm/oops/typeArrayKlass.cpp:100

Events (10 events):
Event: 43.822 Thread 0x65e96400 DEOPT PACKING pc=0xb34594c8 sp=0x6605c2b0
Event: 43.822 Thread 0x65e96400 DEOPT UNPACKING pc=0xb3410377 sp=0x6605c090 mode 1
Event: 43.822 Thread 0x65e96400 DEOPT PACKING pc=0xb34594c8 sp=0x6605c2b0
Event: 43.822 Thread 0x65e96400 DEOPT UNPACKING pc=0xb3410377 sp=0x6605c090 mode 1
Event: 43.822 Thread 0x65e96400 DEOPT PACKING pc=0xb34594c8 sp=0x6605c2b0
Event: 43.822 Thread 0x65e96400 DEOPT UNPACKING pc=0xb3410377 sp=0x6605c090 mode 1
Event: 43.822 Thread 0x65e96400 DEOPT PACKING pc=0xb34594c8 sp=0x6605c2b0
Event: 43.822 Thread 0x65e96400 DEOPT UNPACKING pc=0xb3410377 sp=0x6605c090 mode 1
Event: 43.822 Thread 0x65e96400 DEOPT PACKING pc=0xb34594c8 sp=0x6605c2b0
Event: 43.822 Thread 0x65e96400 DEOPT UNPACKING pc=0xb3410377 sp=0x6605c090 mode 1


Dynamic libraries:
08048000-08049000 r-xp 00000000 08:07 1330920    /usr/lib/jvm/java-7-openjdk-i386/jre/bin/java
08049000-0804a000 r--p 00000000 08:07 1330920    /usr/lib/jvm/java-7-openjdk-i386/jre/bin/java
0804a000-0804b000 rw-p 00001000 08:07 1330920    /usr/lib/jvm/java-7-openjdk-i386/jre/bin/java
084fc000-0854d000 rw-p 00000000 00:00 0          [heap]
65619000-65827000 rw-p 00000000 00:00 0 
65827000-6582a000 ---p 00000000 00:00 0 
6582a000-65878000 rw-p 00000000 00:00 0 
65878000-6587b000 ---p 00000000 00:00 0 
6587b000-658c9000 rw-p 00000000 00:00 0 
658c9000-658cc000 ---p 00000000 00:00 0 
658cc000-6591a000 rw-p 00000000 00:00 0 
6591a000-6591d000 ---p 00000000 00:00 0 
6591d000-6596b000 rw-p 00000000 00:00 0 
6596b000-6596e000 ---p 00000000 00:00 0 
6596e000-659bc000 rw-p 00000000 00:00 0 
659bc000-659bf000 ---p 00000000 00:00 0 
659bf000-65a0d000 rw-p 00000000 00:00 0 
65a0d000-65a10000 ---p 00000000 00:00 0 
65a10000-65a5e000 rw-p 00000000 00:00 0 
65a5e000-65a61000 ---p 00000000 00:00 0 
65a61000-65aaf000 rw-p 00000000 00:00 0 
65aaf000-65ab2000 ---p 00000000 00:00 0 
65ab2000-65b00000 rw-p 00000000 00:00 0 
65b00000-65bc6000 rw-p 00000000 00:00 0 
65bc6000-65c00000 ---p 00000000 00:00 0 
65c00000-65c33000 rw-p 00000000 00:00 0 
65c33000-65d00000 ---p 00000000 00:00 0 
65d00000-65e00000 rw-p 00000000 00:00 0 
65e00000-65efe000 rw-p 00000000 00:00 0 
65efe000-65f00000 ---p 00000000 00:00 0 
65f00000-65ff5000 rw-p 00000000 00:00 0 
65ff5000-66000000 ---p 00000000 00:00 0 
6600d000-66010000 ---p 00000000 00:00 0 
66010000-6605e000 rw-p 00000000 00:00 0 
6605e000-66061000 ---p 00000000 00:00 0 
66061000-660af000 rw-p 00000000 00:00 0 
660af000-660b2000 ---p 00000000 00:00 0 
660b2000-66100000 rw-p 00000000 00:00 0 
66100000-66156000 rw-p 00000000 00:00 0 
66156000-66200000 ---p 00000000 00:00 0 
66200000-662fe000 rw-p 00000000 00:00 0 
662fe000-66300000 ---p 00000000 00:00 0 
66300000-663fc000 rw-p 00000000 00:00 0 
663fc000-66400000 ---p 00000000 00:00 0 
6640e000-66411000 ---p 00000000 00:00 0 
66411000-6645f000 rw-p 00000000 00:00 0 
6645f000-66462000 ---p 00000000 00:00 0 
66462000-664b0000 rw-p 00000000 00:00 0 
664b0000-665a7000 r-xp 00000000 08:07 856437     /lib/i386-linux-gnu/libglib-2.0.so.0.3200.4
665a7000-665a8000 r--p 000f6000 08:07 856437     /lib/i386-linux-gnu/libglib-2.0.so.0.3200.4
665a8000-665a9000 rw-p 000f7000 08:07 856437     /lib/i386-linux-gnu/libglib-2.0.so.0.3200.4
665a9000-666fc000 r-xp 00000000 08:07 917292     /usr/lib/i386-linux-gnu/libgio-2.0.so.0.3200.4
666fc000-666fe000 r--p 00153000 08:07 917292     /usr/lib/i386-linux-gnu/libgio-2.0.so.0.3200.4
666fe000-666ff000 rw-p 00155000 08:07 917292     /usr/lib/i386-linux-gnu/libgio-2.0.so.0.3200.4
666ff000-66700000 rw-p 00000000 00:00 0 
66700000-667f5000 rw-p 00000000 00:00 0 
667f5000-66800000 ---p 00000000 00:00 0 
6682e000-66831000 ---p 00000000 00:00 0 
66831000-6687f000 rw-p 00000000 00:00 0 
6687f000-66880000 ---p 00000000 00:00 0 
66880000-66900000 rw-p 00000000 00:00 0 
66900000-66a00000 rw-p 00000000 00:00 0 
66a2e000-66a31000 ---p 00000000 00:00 0 
66a31000-66a7f000 rw-p 00000000 00:00 0 
66a7f000-66a82000 ---p 00000000 00:00 0 
66a82000-66b00000 rw-p 00000000 00:00 0 
66b00000-66b21000 rw-p 00000000 00:00 0 
66b21000-66c00000 ---p 00000000 00:00 0 
66c00000-66cfd000 rw-p 00000000 00:00 0 
66cfd000-66d00000 ---p 00000000 00:00 0 
66d00000-66f00000 r--p 00000000 08:07 922646     /usr/lib/locale/locale-archive
66f00000-66f8e000 rw-p 00000000 00:00 0 
66f8e000-67000000 ---p 00000000 00:00 0 
67000000-67021000 rw-p 00000000 00:00 0 
67021000-67100000 ---p 00000000 00:00 0 
67100000-67121000 rw-p 00000000 00:00 0 
67121000-67200000 ---p 00000000 00:00 0 
67200000-67300000 rw-p 00000000 00:00 0 
67343000-6737d000 r-xp 00000000 08:07 785897     /lib/i386-linux-gnu/libpcre.so.3.12.1
6737d000-6737e000 r--p 00039000 08:07 785897     /lib/i386-linux-gnu/libpcre.so.3.12.1
6737e000-6737f000 rw-p 0003a000 08:07 785897     /lib/i386-linux-gnu/libpcre.so.3.12.1
6737f000-67380000 ---p 00000000 00:00 0 
67380000-67400000 rw-p 00000000 00:00 0 
67400000-674f9000 rw-p 00000000 00:00 0 
674f9000-67500000 ---p 00000000 00:00 0 
67509000-6750c000 ---p 00000000 00:00 0 
6750c000-675d2000 rw-p 00000000 00:00 0 
675d2000-67780000 r--s 01cf4000 08:07 1344296    /usr/lib/jvm/java-7-openjdk-i386/jre/lib/rt.jar
67780000-6a000000 rw-p 00000000 00:00 0 
6a000000-6a021000 rw-p 00000000 00:00 0 
6a021000-6a100000 ---p 00000000 00:00 0 
6a130000-6a17d000 r-xp 00000000 08:07 917291     /usr/lib/i386-linux-gnu/libgobject-2.0.so.0.3200.4
6a17d000-6a17e000 r--p 0004c000 08:07 917291     /usr/lib/i386-linux-gnu/libgobject-2.0.so.0.3200.4
6a17e000-6a17f000 rw-p 0004d000 08:07 917291     /usr/lib/i386-linux-gnu/libgobject-2.0.so.0.3200.4
6a17f000-6a180000 ---p 00000000 00:00 0 
6a180000-6a200000 rw-p 00000000 00:00 0 
6a200000-6a221000 rw-p 00000000 00:00 0 
6a221000-6a300000 ---p 00000000 00:00 0 
6a319000-6a37f000 r--s 005de000 08:09 1183566    /home/francis/git/RS3Emulation/libs/groovy-all-2.2.2.jar
6a37f000-6a380000 ---p 00000000 00:00 0 
6a380000-6a400000 rw-p 00000000 00:00 0 
6a400000-6a421000 rw-p 00000000 00:00 0 
6a421000-6a500000 ---p 00000000 00:00 0 
6a52e000-6a531000 ---p 00000000 00:00 0 
6a531000-6a57f000 rw-p 00000000 00:00 0 
6a57f000-6a580000 ---p 00000000 00:00 0 
6a580000-6a600000 rw-p 00000000 00:00 0 
6a600000-6a621000 rw-p 00000000 00:00 0 
6a621000-6a700000 ---p 00000000 00:00 0 
6a716000-6a729000 r-xp 00000000 08:07 852288     /lib/i386-linux-gnu/libresolv-2.15.so
6a729000-6a72a000 ---p 00013000 08:07 852288     /lib/i386-linux-gnu/libresolv-2.15.so
6a72a000-6a72b000 r--p 00013000 08:07 852288     /lib/i386-linux-gnu/libresolv-2.15.so
6a72b000-6a72c000 rw-p 00014000 08:07 852288     /lib/i386-linux-gnu/libresolv-2.15.so
6a72c000-6a72e000 rw-p 00000000 00:00 0 
6a72e000-6a731000 ---p 00000000 00:00 0 
6a731000-6a77f000 rw-p 00000000 00:00 0 
6a77f000-6a780000 ---p 00000000 00:00 0 
6a780000-6a800000 rw-p 00000000 00:00 0 
6a800000-6a821000 rw-p 00000000 00:00 0 
6a821000-6a900000 ---p 00000000 00:00 0 
6a90f000-6a92c000 r-xp 00000000 08:07 785912     /lib/i386-linux-gnu/libselinux.so.1
6a92c000-6a92d000 r--p 0001c000 08:07 785912     /lib/i386-linux-gnu/libselinux.so.1
6a92d000-6a92e000 rw-p 0001d000 08:07 785912     /lib/i386-linux-gnu/libselinux.so.1
6a92e000-6a931000 ---p 00000000 00:00 0 
6a931000-6a97f000 rw-p 00000000 00:00 0 
6a97f000-6a980000 ---p 00000000 00:00 0 
6a980000-6aa00000 rw-p 00000000 00:00 0 
6aa00000-6aa21000 rw-p 00000000 00:00 0 
6aa21000-6ab00000 ---p 00000000 00:00 0 
6ab00000-6ab21000 rw-p 00000000 00:00 0 
6ab21000-6ac00000 ---p 00000000 00:00 0 
6ac15000-6ac2c000 r-xp 00000000 08:07 1331194    /usr/lib/jvm/java-7-openjdk-i386/jre/lib/i386/libnet.so
6ac2c000-6ac2d000 r--p 00016000 08:07 1331194    /usr/lib/jvm/java-7-openjdk-i386/jre/lib/i386/libnet.so
6ac2d000-6ac2e000 rw-p 00017000 08:07 1331194    /usr/lib/jvm/java-7-openjdk-i386/jre/lib/i386/libnet.so
6ac2e000-6ac31000 ---p 00000000 00:00 0 
6ac31000-6ac7f000 rw-p 00000000 00:00 0 
6ac7f000-6ac80000 ---p 00000000 00:00 0 
6ac80000-6ad00000 rw-p 00000000 00:00 0 
6ad00000-6ad21000 rw-p 00000000 00:00 0 
6ad21000-6ae00000 ---p 00000000 00:00 0 
6ae0c000-6ae67000 rw-p 00000000 00:00 0 
6ae67000-6ae68000 ---p 00000000 00:00 0 
6ae68000-6aee8000 rw-p 00000000 00:00 0 
6aee8000-6aee9000 ---p 00000000 00:00 0 
6aee9000-6af82000 rw-p 00000000 00:00 0 
6af82000-6af8c000 ---p 00000000 00:00 0 
6af8c000-6b0bf000 rw-p 00000000 00:00 0 
6b0bf000-6b0c7000 rw-p 00000000 00:00 0 
6b0c7000-6b0ff000 rw-p 00000000 00:00 0 
6b0ff000-6b118000 rw-p 00000000 00:00 0 
6b118000-6b122000 ---p 00000000 00:00 0 
6b122000-6b254000 rw-p 00000000 00:00 0 
6b254000-6b28f000 rw-p 00000000 00:00 0 
6b28f000-6b290000 ---p 00000000 00:00 0 
6b290000-6b2ff000 rw-p 00000000 00:00 0 
6b2ff000-6c300000 rw-p 00000000 00:00 0 
6c300000-73300000 rw-p 00000000 00:00 0 
73300000-76380000 rw-p 00000000 00:00 0 
76380000-77780000 ---p 00000000 00:00 0 
77780000-9dd80000 rw-p 00000000 00:00 0 
9dd80000-a5240000 rw-p 00000000 00:00 0 
a5240000-a5400000 ---p 00000000 00:00 0 
a5400000-b3300000 rw-p 00000000 00:00 0 
b3308000-b330d000 r-xp 00000000 08:07 921793     /usr/lib/i386-linux-gnu/libffi.so.6.0.0
b330d000-b330e000 r--p 00004000 08:07 921793     /usr/lib/i386-linux-gnu/libffi.so.6.0.0
b330e000-b330f000 rw-p 00005000 08:07 921793     /usr/lib/i386-linux-gnu/libffi.so.6.0.0
b330f000-b3320000 r-xp 00000000 08:07 1331000    /usr/lib/jvm/java-7-openjdk-i386/jre/lib/i386/libnio.so
b3320000-b3321000 r--p 00010000 08:07 1331000    /usr/lib/jvm/java-7-openjdk-i386/jre/lib/i386/libnio.so
b3321000-b3322000 rw-p 00011000 08:07 1331000    /usr/lib/jvm/java-7-openjdk-i386/jre/lib/i386/libnio.so
b3322000-b332b000 rw-p 00000000 00:00 0 
b332b000-b33e2000 rw-p 00000000 00:00 0 
b33e2000-b3622000 rwxp 00000000 00:00 0 
b3622000-b63e2000 rw-p 00000000 00:00 0 
b63e2000-b63e9000 r-xp 00000000 08:07 852300     /lib/i386-linux-gnu/libnss_compat-2.15.so
b63e9000-b63ea000 r--p 00006000 08:07 852300     /lib/i386-linux-gnu/libnss_compat-2.15.so
b63ea000-b63eb000 rw-p 00007000 08:07 852300     /lib/i386-linux-gnu/libnss_compat-2.15.so
b63eb000-b6400000 r--s 000ff000 08:09 1183556    /home/francis/git/RS3Emulation/libs/netty-4.0.0.Alpha8.jar
b6400000-b64fd000 rw-p 00000000 00:00 0 
b64fd000-b6500000 ---p 00000000 00:00 0 
b6502000-b6503000 rw-p 00000000 00:00 0 
b6503000-b6506000 r-xp 00000000 08:07 919792     /usr/lib/i386-linux-gnu/libgmodule-2.0.so.0.3200.4
b6506000-b6507000 r--p 00002000 08:07 919792     /usr/lib/i386-linux-gnu/libgmodule-2.0.so.0.3200.4
b6507000-b6508000 rw-p 00003000 08:07 919792     /usr/lib/i386-linux-gnu/libgmodule-2.0.so.0.3200.4
b6508000-b650a000 r--s 00001000 08:09 1183549    /home/francis/git/RS3Emulation/libs/slf4j-log4j12-1.7.2.jar
b650a000-b650b000 r--s 00001000 08:09 1183551    /home/francis/git/RS3Emulation/libs/slf4j-jdk14-1.7.2.jar
b650b000-b650d000 r--s 00005000 08:09 1183555    /home/francis/git/RS3Emulation/libs/slf4j-api-1.7.2.jar
b650d000-b650f000 r--s 00004000 08:09 1183553    /home/francis/git/RS3Emulation/libs/log4j-over-slf4j-1.7.2.jar
b650f000-b6513000 r--s 00085000 08:07 1331249    /usr/lib/jvm/java-7-openjdk-i386/jre/lib/ext/localedata.jar
b6513000-b6515000 r--s 0000f000 08:07 1331247    /usr/lib/jvm/java-7-openjdk-i386/jre/lib/ext/pulse-java.jar
b6515000-b6516000 r--s 00007000 08:07 1202916    /usr/share/java/java-atk-wrapper.jar
b6516000-b6519000 r--s 00032000 08:07 1331253    /usr/lib/jvm/java-7-openjdk-i386/jre/lib/ext/sunjce_provider.jar
b6519000-b653c000 rw-p 00000000 00:00 0 
b653c000-b6574000 rw-p 00000000 00:00 0 
b6574000-b657f000 r-xp 00000000 08:07 852299     /lib/i386-linux-gnu/libnss_files-2.15.so
b657f000-b6580000 r--p 0000a000 08:07 852299     /lib/i386-linux-gnu/libnss_files-2.15.so
b6580000-b6581000 rw-p 0000b000 08:07 852299     /lib/i386-linux-gnu/libnss_files-2.15.so
b6581000-b658b000 r-xp 00000000 08:07 852298     /lib/i386-linux-gnu/libnss_nis-2.15.so
b658b000-b658c000 r--p 00009000 08:07 852298     /lib/i386-linux-gnu/libnss_nis-2.15.so
b658c000-b658d000 rw-p 0000a000 08:07 852298     /lib/i386-linux-gnu/libnss_nis-2.15.so
b658d000-b658e000 r--s 00002000 08:07 1331245    /usr/lib/jvm/java-7-openjdk-i386/jre/lib/ext/dnsns.jar
b658e000-b6590000 r--s 00012000 08:07 1331251    /usr/lib/jvm/java-7-openjdk-i386/jre/lib/ext/zipfs.jar
b6590000-b6598000 r-xp 00000000 08:07 1331040    /usr/lib/jvm/java-7-openjdk-i386/jre/lib/i386/libzip.so
b6598000-b6599000 r--p 00007000 08:07 1331040    /usr/lib/jvm/java-7-openjdk-i386/jre/lib/i386/libzip.so
b6599000-b659a000 rw-p 00008000 08:07 1331040    /usr/lib/jvm/java-7-openjdk-i386/jre/lib/i386/libzip.so
b659a000-b65a2000 rw-s 00000000 08:07 852219     /tmp/hsperfdata_francis/4539
b65a2000-b65b8000 r-xp 00000000 08:07 852285     /lib/i386-linux-gnu/libnsl-2.15.so
b65b8000-b65b9000 r--p 00015000 08:07 852285     /lib/i386-linux-gnu/libnsl-2.15.so
b65b9000-b65ba000 rw-p 00016000 08:07 852285     /lib/i386-linux-gnu/libnsl-2.15.so
b65ba000-b65bc000 rw-p 00000000 00:00 0 
b65bc000-b65e3000 r-xp 00000000 08:07 1330967    /usr/lib/jvm/java-7-openjdk-i386/jre/lib/i386/libjava.so
b65e3000-b65e4000 r--p 00026000 08:07 1330967    /usr/lib/jvm/java-7-openjdk-i386/jre/lib/i386/libjava.so
b65e4000-b65e5000 rw-p 00027000 08:07 1330967    /usr/lib/jvm/java-7-openjdk-i386/jre/lib/i386/libjava.so
b65e5000-b65ec000 r-xp 00000000 08:07 852293     /lib/i386-linux-gnu/librt-2.15.so
b65ec000-b65ed000 r--p 00006000 08:07 852293     /lib/i386-linux-gnu/librt-2.15.so
b65ed000-b65ee000 rw-p 00007000 08:07 852293     /lib/i386-linux-gnu/librt-2.15.so
b65ee000-b65f1000 ---p 00000000 00:00 0 
b65f1000-b663f000 rw-p 00000000 00:00 0 
b663f000-b665b000 r-xp 00000000 08:07 785845     /lib/i386-linux-gnu/libgcc_s.so.1
b665b000-b665c000 r--p 0001b000 08:07 785845     /lib/i386-linux-gnu/libgcc_s.so.1
b665c000-b665d000 rw-p 0001c000 08:07 785845     /lib/i386-linux-gnu/libgcc_s.so.1
b665d000-b6687000 r-xp 00000000 08:07 852297     /lib/i386-linux-gnu/libm-2.15.so
b6687000-b6688000 r--p 00029000 08:07 852297     /lib/i386-linux-gnu/libm-2.15.so
b6688000-b6689000 rw-p 0002a000 08:07 852297     /lib/i386-linux-gnu/libm-2.15.so
b6689000-b6761000 r-xp 00000000 08:07 922135     /usr/lib/i386-linux-gnu/libstdc++.so.6.0.16
b6761000-b6762000 ---p 000d8000 08:07 922135     /usr/lib/i386-linux-gnu/libstdc++.so.6.0.16
b6762000-b6766000 r--p 000d8000 08:07 922135     /usr/lib/i386-linux-gnu/libstdc++.so.6.0.16
b6766000-b6767000 rw-p 000dc000 08:07 922135     /usr/lib/i386-linux-gnu/libstdc++.so.6.0.16
b6767000-b676e000 rw-p 00000000 00:00 0 
b676e000-b7112000 r-xp 00000000 08:07 1452178    /usr/lib/jvm/java-7-openjdk-i386/jre/lib/i386/server/libjvm.so
b7112000-b7167000 r--p 009a3000 08:07 1452178    /usr/lib/jvm/java-7-openjdk-i386/jre/lib/i386/server/libjvm.so
b7167000-b717b000 rw-p 009f8000 08:07 1452178    /usr/lib/jvm/java-7-openjdk-i386/jre/lib/i386/server/libjvm.so
b717b000-b7599000 rw-p 00000000 00:00 0 
b7599000-b75ad000 r-xp 00000000 08:07 785935     /lib/i386-linux-gnu/libz.so.1.2.3.4
b75ad000-b75ae000 r--p 00013000 08:07 785935     /lib/i386-linux-gnu/libz.so.1.2.3.4
b75ae000-b75af000 rw-p 00014000 08:07 785935     /lib/i386-linux-gnu/libz.so.1.2.3.4
b75af000-b75c6000 r-xp 00000000 08:07 852291     /lib/i386-linux-gnu/libpthread-2.15.so
b75c6000-b75c7000 r--p 00016000 08:07 852291     /lib/i386-linux-gnu/libpthread-2.15.so
b75c7000-b75c8000 rw-p 00017000 08:07 852291     /lib/i386-linux-gnu/libpthread-2.15.so
b75c8000-b75ca000 rw-p 00000000 00:00 0 
b75ca000-b75cd000 r-xp 00000000 08:07 852301     /lib/i386-linux-gnu/libdl-2.15.so
b75cd000-b75ce000 r--p 00002000 08:07 852301     /lib/i386-linux-gnu/libdl-2.15.so
b75ce000-b75cf000 rw-p 00003000 08:07 852301     /lib/i386-linux-gnu/libdl-2.15.so
b75cf000-b7773000 r-xp 00000000 08:07 852302     /lib/i386-linux-gnu/libc-2.15.so
b7773000-b7775000 r--p 001a4000 08:07 852302     /lib/i386-linux-gnu/libc-2.15.so
b7775000-b7776000 rw-p 001a6000 08:07 852302     /lib/i386-linux-gnu/libc-2.15.so
b7776000-b7779000 rw-p 00000000 00:00 0 
b7779000-b777d000 r--s 0003b000 08:07 1331255    /usr/lib/jvm/java-7-openjdk-i386/jre/lib/ext/sunpkcs11.jar
b777d000-b777e000 r--p 005dd000 08:07 922646     /usr/lib/locale/locale-archive
b777e000-b777f000 rw-p 00000000 00:00 0 
b777f000-b7780000 r--p 00000000 00:00 0 
b7780000-b778c000 r-xp 00000000 08:07 1331034    /usr/lib/jvm/java-7-openjdk-i386/jre/lib/i386/libverify.so
b778c000-b778d000 r--p 0000b000 08:07 1331034    /usr/lib/jvm/java-7-openjdk-i386/jre/lib/i386/libverify.so
b778d000-b778e000 rw-p 0000c000 08:07 1331034    /usr/lib/jvm/java-7-openjdk-i386/jre/lib/i386/libverify.so
b778e000-b779b000 r-xp 00000000 08:07 1440541    /usr/lib/jvm/java-7-openjdk-i386/jre/lib/i386/jli/libjli.so
b779b000-b779c000 r--p 0000c000 08:07 1440541    /usr/lib/jvm/java-7-openjdk-i386/jre/lib/i386/jli/libjli.so
b779c000-b779d000 rw-p 0000d000 08:07 1440541    /usr/lib/jvm/java-7-openjdk-i386/jre/lib/i386/jli/libjli.so
b779d000-b77a0000 rw-p 00000000 00:00 0 
b77a0000-b77a1000 r-xp 00000000 00:00 0          [vdso]
b77a1000-b77c1000 r-xp 00000000 08:07 852292     /lib/i386-linux-gnu/ld-2.15.so
b77c1000-b77c2000 r--p 0001f000 08:07 852292     /lib/i386-linux-gnu/ld-2.15.so
b77c2000-b77c3000 rw-p 00020000 08:07 852292     /lib/i386-linux-gnu/ld-2.15.so
bfcaa000-bfccb000 rw-p 00000000 00:00 0          [stack]

VM Arguments:
jvm_args: -Dfile.encoding=UTF-8 
java_command: net.ieldor.Main
Launcher Type: SUN_STANDARD

Environment Variables:
PATH=/usr/local/bin:/usr/bin:/bin:/usr/games
USERNAME=francis
LD_LIBRARY_PATH=/usr/lib/jvm/java-7-openjdk-i386/jre/lib/i386/server:/usr/lib/jvm/java-7-openjdk-i386/jre/lib/i386:/usr/lib/jvm/java-7-openjdk-i386/jre/../lib/i386:/usr/lib/jvm/java-7-openjdk-i386/jre/lib/i386/client:/usr/lib/jvm/java-7-openjdk-i386/jre/lib/i386:
SHELL=/bin/bash
DISPLAY=:0

Signal Handlers:
SIGSEGV: [libjvm.so+0x7f05f0], sa_mask[0]=0x7ffbfeff, sa_flags=0x10000004
SIGBUS: [libjvm.so+0x7f05f0], sa_mask[0]=0x7ffbfeff, sa_flags=0x10000004
SIGFPE: [libjvm.so+0x65f0c0], sa_mask[0]=0x7ffbfeff, sa_flags=0x10000004
SIGPIPE: [libjvm.so+0x65f0c0], sa_mask[0]=0x7ffbfeff, sa_flags=0x10000004
SIGXFSZ: [libjvm.so+0x65f0c0], sa_mask[0]=0x7ffbfeff, sa_flags=0x10000004
SIGILL: [libjvm.so+0x65f0c0], sa_mask[0]=0x7ffbfeff, sa_flags=0x10000004
SIGUSR1: SIG_DFL, sa_mask[0]=0x00000000, sa_flags=0x00000000
SIGUSR2: [libjvm.so+0x65f400], sa_mask[0]=0x00000004, sa_flags=0x10000004
SIGHUP: [libjvm.so+0x65f5c0], sa_mask[0]=0x7ffbfeff, sa_flags=0x10000004
SIGINT: [libjvm.so+0x65f5c0], sa_mask[0]=0x7ffbfeff, sa_flags=0x10000004
SIGTERM: [libjvm.so+0x65f5c0], sa_mask[0]=0x7ffbfeff, sa_flags=0x10000004
SIGQUIT: [libjvm.so+0x65f5c0], sa_mask[0]=0x7ffbfeff, sa_flags=0x10000004


---------------  S Y S T E M  ---------------

OS:Ubuntu 12.04 (precise)
uname:Linux 3.2.0-60-generic-pae #91-Ubuntu SMP Wed Feb 19 04:14:56 UTC 2014 i686
libc:glibc 2.15 NPTL 2.15 
rlimit: STACK 8192k, CORE 0k, NPROC 47833, NOFILE 4096, AS infinity
load average:3.66 3.52 2.90

/proc/meminfo:
MemTotal:        6137360 kB
MemFree:         1205512 kB
Buffers:          519444 kB
Cached:          1736816 kB
SwapCached:            0 kB
Active:          3129404 kB
Inactive:        1555252 kB
Active(anon):    2366964 kB
Inactive(anon):   349032 kB
Active(file):     762440 kB
Inactive(file):  1206220 kB
Unevictable:           0 kB
Mlocked:               0 kB
HighTotal:       5325060 kB
HighFree:        1135844 kB
LowTotal:         812300 kB
LowFree:           69668 kB
SwapTotal:       1052220 kB
SwapFree:        1052220 kB
Dirty:               972 kB
Writeback:           144 kB
AnonPages:       2429136 kB
Mapped:           253776 kB
Shmem:            286924 kB
Slab:             187184 kB
SReclaimable:     161008 kB
SUnreclaim:        26176 kB
KernelStack:        5856 kB
PageTables:        16756 kB
NFS_Unstable:          0 kB
Bounce:                0 kB
WritebackTmp:          0 kB
CommitLimit:     4120900 kB
Committed_AS:    6177140 kB
VmallocTotal:     122880 kB
VmallocUsed:       17048 kB
VmallocChunk:     104980 kB
HardwareCorrupted:     0 kB
AnonHugePages:         0 kB
HugePages_Total:       0
HugePages_Free:        0
HugePages_Rsvd:        0
HugePages_Surp:        0
Hugepagesize:       2048 kB
DirectMap4k:       10232 kB
DirectMap2M:      903168 kB


CPU:total 8 (4 cores per cpu, 2 threads per core) family 6 model 42 stepping 7, cmov, cx8, fxsr, mmx, sse, sse2, sse3, ssse3, sse4.1, sse4.2, popcnt, avx, aes, ht, tsc, tscinvbit

/proc/cpuinfo:
processor	: 0
vendor_id	: GenuineIntel
cpu family	: 6
model		: 42
model name	: Intel(R) Core(TM) i7-2670QM CPU @ 2.20GHz
stepping	: 7
microcode	: 0x25
cpu MHz		: 2201.000
cache size	: 6144 KB
physical id	: 0
siblings	: 8
core id		: 0
cpu cores	: 4
apicid		: 0
initial apicid	: 0
fdiv_bug	: no
hlt_bug		: no
f00f_bug	: no
coma_bug	: no
fpu		: yes
fpu_exception	: yes
cpuid level	: 13
wp		: yes
flags		: fpu vme de pse tsc msr pae mce cx8 apic sep mtrr pge mca cmov pat pse36 clflush dts acpi mmx fxsr sse sse2 ss ht tm pbe nx rdtscp lm constant_tsc arch_perfmon pebs bts xtopology nonstop_tsc aperfmperf pni pclmulqdq dtes64 monitor ds_cpl vmx est tm2 ssse3 cx16 xtpr pdcm pcid sse4_1 sse4_2 x2apic popcnt tsc_deadline_timer aes xsave avx lahf_lm ida arat epb xsaveopt pln pts dtherm tpr_shadow vnmi flexpriority ept vpid
bogomips	: 4389.86
clflush size	: 64
cache_alignment	: 64
address sizes	: 36 bits physical, 48 bits virtual
power management:

processor	: 1
vendor_id	: GenuineIntel
cpu family	: 6
model		: 42
model name	: Intel(R) Core(TM) i7-2670QM CPU @ 2.20GHz
stepping	: 7
microcode	: 0x25
cpu MHz		: 2201.000
cache size	: 6144 KB
physical id	: 0
siblings	: 8
core id		: 0
cpu cores	: 4
apicid		: 1
initial apicid	: 1
fdiv_bug	: no
hlt_bug		: no
f00f_bug	: no
coma_bug	: no
fpu		: yes
fpu_exception	: yes
cpuid level	: 13
wp		: yes
flags		: fpu vme de pse tsc msr pae mce cx8 apic sep mtrr pge mca cmov pat pse36 clflush dts acpi mmx fxsr sse sse2 ss ht tm pbe nx rdtscp lm constant_tsc arch_perfmon pebs bts xtopology nonstop_tsc aperfmperf pni pclmulqdq dtes64 monitor ds_cpl vmx est tm2 ssse3 cx16 xtpr pdcm pcid sse4_1 sse4_2 x2apic popcnt tsc_deadline_timer aes xsave avx lahf_lm ida arat epb xsaveopt pln pts dtherm tpr_shadow vnmi flexpriority ept vpid
bogomips	: 4389.99
clflush size	: 64
cache_alignment	: 64
address sizes	: 36 bits physical, 48 bits virtual
power management:

processor	: 2
vendor_id	: GenuineIntel
cpu family	: 6
model		: 42
model name	: Intel(R) Core(TM) i7-2670QM CPU @ 2.20GHz
stepping	: 7
microcode	: 0x25
cpu MHz		: 2201.000
cache size	: 6144 KB
physical id	: 0
siblings	: 8
core id		: 1
cpu cores	: 4
apicid		: 2
initial apicid	: 2
fdiv_bug	: no
hlt_bug		: no
f00f_bug	: no
coma_bug	: no
fpu		: yes
fpu_exception	: yes
cpuid level	: 13
wp		: yes
flags		: fpu vme de pse tsc msr pae mce cx8 apic sep mtrr pge mca cmov pat pse36 clflush dts acpi mmx fxsr sse sse2 ss ht tm pbe nx rdtscp lm constant_tsc arch_perfmon pebs bts xtopology nonstop_tsc aperfmperf pni pclmulqdq dtes64 monitor ds_cpl vmx est tm2 ssse3 cx16 xtpr pdcm pcid sse4_1 sse4_2 x2apic popcnt tsc_deadline_timer aes xsave avx lahf_lm ida arat epb xsaveopt pln pts dtherm tpr_shadow vnmi flexpriority ept vpid
bogomips	: 4390.00
clflush size	: 64
cache_alignment	: 64
address sizes	: 36 bits physical, 48 bits virtual
power management:

processor	: 3
vendor_id	: GenuineIntel
cpu family	: 6
model		: 42
model name	: Intel(R) Core(TM) i7-2670QM CPU @ 2.20GHz
stepping	: 7
microcode	: 0x25
cpu MHz		: 800.000
cache size	: 6144 KB
physical id	: 0
siblings	: 8
core id		: 1
cpu cores	: 4
apicid		: 3
initial apicid	: 3
fdiv_bug	: no
hlt_bug		: no
f00f_bug	: no
coma_bug	: no
fpu		: yes
fpu_exception	: yes
cpuid level	: 13
wp		: yes
flags		: fpu vme de pse tsc msr pae mce cx8 apic sep mtrr pge mca cmov pat pse36 clflush dts acpi mmx fxsr sse sse2 ss ht tm pbe nx rdtscp lm constant_tsc arch_perfmon pebs bts xtopology nonstop_tsc aperfmperf pni pclmulqdq dtes64 monitor ds_cpl vmx est tm2 ssse3 cx16 xtpr pdcm pcid sse4_1 sse4_2 x2apic popcnt tsc_deadline_timer aes xsave avx lahf_lm ida arat epb xsaveopt pln pts dtherm tpr_shadow vnmi flexpriority ept vpid
bogomips	: 4389.99
clflush size	: 64
cache_alignment	: 64
address sizes	: 36 bits physical, 48 bits virtual
power management:

processor	: 4
vendor_id	: GenuineIntel
cpu family	: 6
model		: 42
model name	: Intel(R) Core(TM) i7-2670QM CPU @ 2.20GHz
stepping	: 7
microcode	: 0x25
cpu MHz		: 2201.000
cache size	: 6144 KB
physical id	: 0
siblings	: 8
core id		: 2
cpu cores	: 4
apicid		: 4
initial apicid	: 4
fdiv_bug	: no
hlt_bug		: no
f00f_bug	: no
coma_bug	: no
fpu		: yes
fpu_exception	: yes
cpuid level	: 13
wp		: yes
flags		: fpu vme de pse tsc msr pae mce cx8 apic sep mtrr pge mca cmov pat pse36 clflush dts acpi mmx fxsr sse sse2 ss ht tm pbe nx rdtscp lm constant_tsc arch_perfmon pebs bts xtopology nonstop_tsc aperfmperf pni pclmulqdq dtes64 monitor ds_cpl vmx est tm2 ssse3 cx16 xtpr pdcm pcid sse4_1 sse4_2 x2apic popcnt tsc_deadline_timer aes xsave avx lahf_lm ida arat epb xsaveopt pln pts dtherm tpr_shadow vnmi flexpriority ept vpid
bogomips	: 4390.00
clflush size	: 64
cache_alignment	: 64
address sizes	: 36 bits physical, 48 bits virtual
power management:

processor	: 5
vendor_id	: GenuineIntel
cpu family	: 6
model		: 42
model name	: Intel(R) Core(TM) i7-2670QM CPU @ 2.20GHz
stepping	: 7
microcode	: 0x25
cpu MHz		: 800.000
cache size	: 6144 KB
physical id	: 0
siblings	: 8
core id		: 2
cpu cores	: 4
apicid		: 5
initial apicid	: 5
fdiv_bug	: no
hlt_bug		: no
f00f_bug	: no
coma_bug	: no
fpu		: yes
fpu_exception	: yes
cpuid level	: 13
wp		: yes
flags		: fpu vme de pse tsc msr pae mce cx8 apic sep mtrr pge mca cmov pat pse36 clflush dts acpi mmx fxsr sse sse2 ss ht tm pbe nx rdtscp lm constant_tsc arch_perfmon pebs bts xtopology nonstop_tsc aperfmperf pni pclmulqdq dtes64 monitor ds_cpl vmx est tm2 ssse3 cx16 xtpr pdcm pcid sse4_1 sse4_2 x2apic popcnt tsc_deadline_timer aes xsave avx lahf_lm ida arat epb xsaveopt pln pts dtherm tpr_shadow vnmi flexpriority ept vpid
bogomips	: 4390.00
clflush size	: 64
cache_alignment	: 64
address sizes	: 36 bits physical, 48 bits virtual
power management:

processor	: 6
vendor_id	: GenuineIntel
cpu family	: 6
model		: 42
model name	: Intel(R) Core(TM) i7-2670QM CPU @ 2.20GHz
stepping	: 7
microcode	: 0x25
cpu MHz		: 2201.000
cache size	: 6144 KB
physical id	: 0
siblings	: 8
core id		: 3
cpu cores	: 4
apicid		: 6
initial apicid	: 6
fdiv_bug	: no
hlt_bug		: no
f00f_bug	: no
coma_bug	: no
fpu		: yes
fpu_exception	: yes
cpuid level	: 13
wp		: yes
flags		: fpu vme de pse tsc msr pae mce cx8 apic sep mtrr pge mca cmov pat pse36 clflush dts acpi mmx fxsr sse sse2 ss ht tm pbe nx rdtscp lm constant_tsc arch_perfmon pebs bts xtopology nonstop_tsc aperfmperf pni pclmulqdq dtes64 monitor ds_cpl vmx est tm2 ssse3 cx16 xtpr pdcm pcid sse4_1 sse4_2 x2apic popcnt tsc_deadline_timer aes xsave avx lahf_lm ida arat epb xsaveopt pln pts dtherm tpr_shadow vnmi flexpriority ept vpid
bogomips	: 4390.01
clflush size	: 64
cache_alignment	: 64
address sizes	: 36 bits physical, 48 bits virtual
power management:

processor	: 7
vendor_id	: GenuineIntel
cpu family	: 6
model		: 42
model name	: Intel(R) Core(TM) i7-2670QM CPU @ 2.20GHz
stepping	: 7
microcode	: 0x25
cpu MHz		: 2201.000
cache size	: 6144 KB
physical id	: 0
siblings	: 8
core id		: 3
cpu cores	: 4
apicid		: 7
initial apicid	: 7
fdiv_bug	: no
hlt_bug		: no
f00f_bug	: no
coma_bug	: no
fpu		: yes
fpu_exception	: yes
cpuid level	: 13
wp		: yes
flags		: fpu vme de pse tsc msr pae mce cx8 apic sep mtrr pge mca cmov pat pse36 clflush dts acpi mmx fxsr sse sse2 ss ht tm pbe nx rdtscp lm constant_tsc arch_perfmon pebs bts xtopology nonstop_tsc aperfmperf pni pclmulqdq dtes64 monitor ds_cpl vmx est tm2 ssse3 cx16 xtpr pdcm pcid sse4_1 sse4_2 x2apic popcnt tsc_deadline_timer aes xsave avx lahf_lm ida arat epb xsaveopt pln pts dtherm tpr_shadow vnmi flexpriority ept vpid
bogomips	: 4390.00
clflush size	: 64
cache_alignment	: 64
address sizes	: 36 bits physical, 48 bits virtual
power management:



Memory: 4k page, physical 6137360k(1205264k free), swap 1052220k(1052220k free)

vm_info: OpenJDK Server VM (24.45-b08) for linux-x86 JRE (1.7.0_51-b00), built on Jan 16 2014 18:39:16 by "buildd" with gcc 4.6.3

time: Sat Apr  5 10:57:00 2014
elapsed time: 43 seconds

